<?xml version="1.0" encoding="UTF-8"?>
<testsuites name="New Test Suite" time="59.234" tests="1" failures="0" errors="0">
   <testsuite name="New Test Suite" tests="1" failures="0" errors="0" time="59.234" skipped="0" timestamp="26-06-2024T13:59:30" hostname="1556 - LAPTOP-PT885S91" id="Test Suites/New Test Suite">
      <properties>
         <property name="deviceName"/>
         <property name="devicePlatform" value=""/>
         <property name="logFolder" value="C:\\Users\\1556\\Katalon Studio\\Automation Desktop\\Reports\\20240626_135924\\New Test Suite\\20240626_135926"/>
         <property name="logFiles" value="C:\\Users\\1556\\Katalon Studio\\Automation Desktop\\Reports\\20240626_135924\\New Test Suite\\20240626_135926\\execution0.log"/>
         <property name="attachments" value=""/>
         <property name="hostName" value="1556 - LAPTOP-PT885S91"/>
         <property name="hostAddress" value="192.168.10.208"/>
         <property name="desiredCapabilities" value="{}"/>
         <property name="os" value="Windows 11 64bit"/>
         <property name="katalonVersion" value="9.3.2.212"/>
      </properties>
      <testcase name="Test Cases/Test/TC_Wikipedia_Search" time="59.058" classname="Test Cases/Test/TC_Wikipedia_Search" status="PASSED">
         <system-out><![CDATA[26-06-2024T13:59:30 - [TEST_CASE][PASSED] - Test Cases/Test/TC_Wikipedia_Search: Test Cases/Test/TC_Wikipedia_Search

26-06-2024T13:59:30 - [TEST_STEP][PASSED] - startApplicationWithTitle("C:\Users\1556\OneDrive\Desktop\Wikipedia.lnk", "Wikipedia"): The application at location: C:\Users\1556\OneDrive\Desktop\Wikipedia.lnk started.

26-06-2024T13:59:31 - [MESSAGE][INFO] - Starting application C:\Users\1556\OneDrive\Desktop\Wikipedia.lnk on the local machine at address http://127.0.0.1:4723

26-06-2024T13:59:34 - [MESSAGE][INFO] - Start finding a window that matches with title 'C:\Users\1556\OneDrive\Desktop\Wikipedia.lnk' in 120,000 millisecond(s)

26-06-2024T14:00:20 - [MESSAGE][PASSED] - The application at location: C:\Users\1556\OneDrive\Desktop\Wikipedia.lnk started.

26-06-2024T14:00:20 - [TEST_STEP][PASSED] - waitForElementPresent(findWindowsObject("Wikipedia/SearchBox Wikipedia"), 5): Object 'Object Repository/Wikipedia/SearchBox Wikipedia' is present

26-06-2024T14:00:21 - [MESSAGE][PASSED] - Object 'Object Repository/Wikipedia/SearchBox Wikipedia' is present

26-06-2024T14:00:21 - [TEST_STEP][PASSED] - delay(1): Delayed 1 second(s)

26-06-2024T14:00:22 - [MESSAGE][PASSED] - Delayed 1 second(s)

26-06-2024T14:00:22 - [TEST_STEP][PASSED] - Utils.setTextAndEnter(findWindowsObject("Wikipedia/SearchBox Wikipedia"), "Hello World"): Utils.setTextAndEnter is PASSED

26-06-2024T14:00:22 - [MESSAGE][INFO] - Clicking on element: Object Repository/Wikipedia/SearchBox Wikipedia

26-06-2024T14:00:22 - [MESSAGE][PASSED] - Click on element: Object Repository/Wikipedia/SearchBox Wikipedia succesfully

26-06-2024T14:00:24 - [MESSAGE][PASSED] - Delayed 2 second(s)

26-06-2024T14:00:26 - [MESSAGE][PASSED] - Text Hello World is set

26-06-2024T14:00:27 - [MESSAGE][PASSED] - Delayed 1 second(s)

26-06-2024T14:00:27 - [MESSAGE][PASSED] - Utils.setTextAndEnter is PASSED

26-06-2024T14:00:27 - [TEST_STEP][PASSED] - delay(2): Delayed 2 second(s)

26-06-2024T14:00:29 - [MESSAGE][PASSED] - Delayed 2 second(s)

26-06-2024T14:00:29 - [TEST_STEP][PASSED] - closeApplication(): Fire Close event sucessfully.

26-06-2024T14:00:29 - [MESSAGE][PASSED] - Fire Close event sucessfully.]]></system-out>
         <system-err><![CDATA[]]></system-err>
      </testcase>
      <system-out><![CDATA[26-06-2024T13:59:30 - [TEST_SUITE][PASSED] - New Test Suite: Test Cases/Test/TC_Wikipedia_Search]]></system-out>
      <system-err><![CDATA[]]></system-err>
   </testsuite>
</testsuites>
