<?xml version="1.0" encoding="UTF-8"?>
<testsuites name="New Test Suite" time="35.661" tests="1" failures="0" errors="0">
   <testsuite name="New Test Suite" tests="1" failures="0" errors="0" time="35.661" skipped="0" timestamp="27-06-2024T14:45:04" hostname="0767 - DESKTOP-SQ56SGT" id="Test Suites/New Test Suite">
      <properties>
         <property name="deviceName"/>
         <property name="devicePlatform"/>
         <property name="logFolder" value="C:\\Users\\0767\\Downloads\\Automation Desktop\\Reports\\20240627_144453\\New Test Suite\\20240627_144454"/>
         <property name="logFiles" value="C:\\Users\\0767\\Downloads\\Automation Desktop\\Reports\\20240627_144453\\New Test Suite\\20240627_144454\\execution0.log"/>
         <property name="attachments" value=""/>
         <property name="hostName" value="0767 - DESKTOP-SQ56SGT"/>
         <property name="hostAddress" value="172.16.0.2"/>
         <property name="desiredCapabilities" value="{}"/>
         <property name="os" value="Windows 10 64bit"/>
         <property name="katalonVersion" value="9.6.0.217"/>
      </properties>
      <testcase name="Test Cases/Test/TC_Wikipedia_Search" time="35.458" classname="Test Cases/Test/TC_Wikipedia_Search" status="PASSED">
         <system-out><![CDATA[27-06-2024T14:45:04 - [TEST_CASE][PASSED] - Test Cases/Test/TC_Wikipedia_Search: Test Cases/Test/TC_Wikipedia_Search

27-06-2024T14:45:04 - [TEST_STEP][PASSED] - startApplicationWithTitle("C:\Users\0767\Desktop\Wikipedia.lnk", "Wikipedia"): The application at location: C:\Users\0767\Desktop\Wikipedia.lnk started.

27-06-2024T14:45:05 - [MESSAGE][INFO] - Starting application C:\Users\0767\Desktop\Wikipedia.lnk on the local machine at address http://127.0.0.1:4723

27-06-2024T14:45:07 - [MESSAGE][INFO] - Start finding a window that matches with title 'C:\Users\0767\Desktop\Wikipedia.lnk' in 120,000 millisecond(s)

27-06-2024T14:45:30 - [MESSAGE][PASSED] - The application at location: C:\Users\0767\Desktop\Wikipedia.lnk started.

27-06-2024T14:45:30 - [TEST_STEP][PASSED] - waitForElementPresent(findWindowsObject("Wikipedia/SearchBox Wikipedia"), 5): Object 'Object Repository/Wikipedia/SearchBox Wikipedia' is present

27-06-2024T14:45:31 - [MESSAGE][PASSED] - Object 'Object Repository/Wikipedia/SearchBox Wikipedia' is present

27-06-2024T14:45:31 - [TEST_STEP][PASSED] - delay(1): Delayed 1 second(s)

27-06-2024T14:45:32 - [MESSAGE][PASSED] - Delayed 1 second(s)

27-06-2024T14:45:32 - [TEST_STEP][PASSED] - Utils.setTextAndEnter(findWindowsObject("Wikipedia/SearchBox Wikipedia"), "Hello World"): Utils.setTextAndEnter is PASSED

27-06-2024T14:45:32 - [MESSAGE][INFO] - Clicking on element: Object Repository/Wikipedia/SearchBox Wikipedia

27-06-2024T14:45:33 - [MESSAGE][PASSED] - Click on element: Object Repository/Wikipedia/SearchBox Wikipedia succesfully

27-06-2024T14:45:35 - [MESSAGE][PASSED] - Delayed 2 second(s)

27-06-2024T14:45:36 - [MESSAGE][PASSED] - Text Hello World is set

27-06-2024T14:45:37 - [MESSAGE][PASSED] - Delayed 1 second(s)

27-06-2024T14:45:38 - [MESSAGE][PASSED] - Utils.setTextAndEnter is PASSED

27-06-2024T14:45:38 - [TEST_STEP][PASSED] - delay(2): Delayed 2 second(s)

27-06-2024T14:45:40 - [MESSAGE][PASSED] - Delayed 2 second(s)

27-06-2024T14:45:40 - [TEST_STEP][PASSED] - closeApplication(): Fire Close event sucessfully.

27-06-2024T14:45:40 - [MESSAGE][PASSED] - Fire Close event sucessfully.]]></system-out>
         <system-err><![CDATA[]]></system-err>
      </testcase>
      <system-out><![CDATA[27-06-2024T14:45:04 - [TEST_SUITE][PASSED] - New Test Suite: Test Cases/Test/TC_Wikipedia_Search]]></system-out>
      <system-err><![CDATA[]]></system-err>
   </testsuite>
</testsuites>
